{"/home/leandro-mello/DockerTest/af-monitor/af-back-monitor-extrator/routes.js": {"path":"/home/leandro-mello/DockerTest/af-monitor/af-back-monitor-extrator/routes.js","statementMap":{"0":{"start":{"line":1,"column":16},"end":{"line":1,"column":34}},"1":{"start":{"line":2,"column":15},"end":{"line":2,"column":31}},"2":{"start":{"line":3,"column":24},"end":{"line":3,"column":61}},"3":{"start":{"line":5,"column":0},"end":{"line":8,"column":3}},"4":{"start":{"line":6,"column":2},"end":{"line":6,"column":52}},"5":{"start":{"line":7,"column":2},"end":{"line":7,"column":9}},"6":{"start":{"line":10,"column":0},"end":{"line":14,"column":3}},"7":{"start":{"line":11,"column":15},"end":{"line":11,"column":28}},"8":{"start":{"line":12,"column":2},"end":{"line":12,"column":35}},"9":{"start":{"line":13,"column":2},"end":{"line":13,"column":53}},"10":{"start":{"line":16,"column":0},"end":{"line":19,"column":3}},"11":{"start":{"line":17,"column":23},"end":{"line":17,"column":51}},"12":{"start":{"line":18,"column":4},"end":{"line":18,"column":25}},"13":{"start":{"line":21,"column":0},"end":{"line":21,"column":24}}},"fnMap":{"0":{"name":"(anonymous_0)","decl":{"start":{"line":5,"column":11},"end":{"line":5,"column":12}},"loc":{"start":{"line":5,"column":31},"end":{"line":8,"column":1}},"line":5},"1":{"name":"(anonymous_1)","decl":{"start":{"line":10,"column":27},"end":{"line":10,"column":28}},"loc":{"start":{"line":10,"column":47},"end":{"line":14,"column":1}},"line":10},"2":{"name":"(anonymous_2)","decl":{"start":{"line":16,"column":26},"end":{"line":16,"column":27}},"loc":{"start":{"line":16,"column":46},"end":{"line":19,"column":1}},"line":16}},"branchMap":{},"s":{"0":1,"1":1,"2":1,"3":1,"4":7,"5":7,"6":1,"7":4,"8":4,"9":4,"10":1,"11":3,"12":3,"13":1},"f":{"0":7,"1":4,"2":3},"b":{},"_coverageSchema":"1a1c01bbd47fc00a2c39e90264f33305004495a9","hash":"f91b9e8dc37d7dc8f602e85fddeefd32c851b4bb"}
,"/home/leandro-mello/DockerTest/af-monitor/af-back-monitor-extrator/server.js": {"path":"/home/leandro-mello/DockerTest/af-monitor/af-back-monitor-extrator/server.js","statementMap":{"0":{"start":{"line":1,"column":16},"end":{"line":1,"column":34}},"1":{"start":{"line":2,"column":19},"end":{"line":2,"column":41}},"2":{"start":{"line":3,"column":15},"end":{"line":3,"column":34}},"3":{"start":{"line":5,"column":21},"end":{"line":11,"column":1}},"4":{"start":{"line":6,"column":14},"end":{"line":6,"column":23}},"5":{"start":{"line":7,"column":2},"end":{"line":7,"column":26}},"6":{"start":{"line":8,"column":2},"end":{"line":8,"column":29}},"7":{"start":{"line":9,"column":2},"end":{"line":9,"column":23}},"8":{"start":{"line":10,"column":2},"end":{"line":10,"column":13}},"9":{"start":{"line":13,"column":0},"end":{"line":13,"column":30}}},"fnMap":{"0":{"name":"(anonymous_0)","decl":{"start":{"line":5,"column":21},"end":{"line":5,"column":22}},"loc":{"start":{"line":5,"column":27},"end":{"line":11,"column":1}},"line":5}},"branchMap":{},"s":{"0":1,"1":1,"2":1,"3":1,"4":1,"5":1,"6":1,"7":1,"8":1,"9":1},"f":{"0":1},"b":{},"_coverageSchema":"1a1c01bbd47fc00a2c39e90264f33305004495a9","hash":"50f1e323363996e0d9a6e1dce51412ab3500f76f"}
,"/home/leandro-mello/DockerTest/af-monitor/af-back-monitor-extrator/infra/db.js": {"path":"/home/leandro-mello/DockerTest/af-monitor/af-back-monitor-extrator/infra/db.js","statementMap":{"0":{"start":{"line":1,"column":17},"end":{"line":1,"column":36}},"1":{"start":{"line":3,"column":16},"end":{"line":5,"column":1}},"2":{"start":{"line":4,"column":2},"end":{"line":4,"column":83}},"3":{"start":{"line":7,"column":19},"end":{"line":9,"column":1}},"4":{"start":{"line":8,"column":2},"end":{"line":8,"column":30}},"5":{"start":{"line":11,"column":0},"end":{"line":11,"column":42}}},"fnMap":{"0":{"name":"(anonymous_0)","decl":{"start":{"line":3,"column":16},"end":{"line":3,"column":17}},"loc":{"start":{"line":3,"column":31},"end":{"line":5,"column":1}},"line":3},"1":{"name":"(anonymous_1)","decl":{"start":{"line":7,"column":19},"end":{"line":7,"column":20}},"loc":{"start":{"line":7,"column":31},"end":{"line":9,"column":1}},"line":7}},"branchMap":{},"s":{"0":1,"1":1,"2":1,"3":1,"4":1,"5":1},"f":{"0":1,"1":1},"b":{},"_coverageSchema":"1a1c01bbd47fc00a2c39e90264f33305004495a9","hash":"33f956421bdc8ba3d6f863f71b58386daa9c6753"}
,"/home/leandro-mello/DockerTest/af-monitor/af-back-monitor-extrator/models/ExtratorModel.js": {"path":"/home/leandro-mello/DockerTest/af-monitor/af-back-monitor-extrator/models/ExtratorModel.js","statementMap":{"0":{"start":{"line":1,"column":17},"end":{"line":1,"column":36}},"1":{"start":{"line":3,"column":23},"end":{"line":12,"column":2}},"2":{"start":{"line":14,"column":0},"end":{"line":14,"column":88}}},"fnMap":{},"branchMap":{},"s":{"0":1,"1":1,"2":1},"f":{},"b":{},"_coverageSchema":"1a1c01bbd47fc00a2c39e90264f33305004495a9","hash":"9d251f7ba8543bd63277404ae01376ae257d7d6c"}
,"/home/leandro-mello/DockerTest/af-monitor/af-back-monitor-extrator/repositories/ExtratorRepository.js": {"path":"/home/leandro-mello/DockerTest/af-monitor/af-back-monitor-extrator/repositories/ExtratorRepository.js","statementMap":{"0":{"start":{"line":1,"column":22},"end":{"line":1,"column":56}},"1":{"start":{"line":3,"column":13},"end":{"line":25,"column":1}},"2":{"start":{"line":5,"column":20},"end":{"line":5,"column":30}},"3":{"start":{"line":7,"column":28},"end":{"line":7,"column":65}},"4":{"start":{"line":9,"column":2},"end":{"line":24,"column":3}},"5":{"start":{"line":11,"column":4},"end":{"line":14,"column":21}},"6":{"start":{"line":18,"column":21},"end":{"line":21,"column":6}},"7":{"start":{"line":23,"column":4},"end":{"line":23,"column":33}},"8":{"start":{"line":27,"column":33},"end":{"line":29,"column":1}},"9":{"start":{"line":28,"column":2},"end":{"line":28,"column":79}},"10":{"start":{"line":31,"column":32},"end":{"line":33,"column":1}},"11":{"start":{"line":32,"column":2},"end":{"line":32,"column":110}},"12":{"start":{"line":35,"column":34},"end":{"line":37,"column":1}},"13":{"start":{"line":36,"column":2},"end":{"line":36,"column":111}},"14":{"start":{"line":39,"column":0},"end":{"line":39,"column":103}}},"fnMap":{"0":{"name":"(anonymous_0)","decl":{"start":{"line":3,"column":13},"end":{"line":3,"column":14}},"loc":{"start":{"line":3,"column":29},"end":{"line":25,"column":1}},"line":3},"1":{"name":"(anonymous_1)","decl":{"start":{"line":27,"column":33},"end":{"line":27,"column":34}},"loc":{"start":{"line":27,"column":54},"end":{"line":29,"column":1}},"line":27},"2":{"name":"(anonymous_2)","decl":{"start":{"line":31,"column":32},"end":{"line":31,"column":33}},"loc":{"start":{"line":31,"column":47},"end":{"line":33,"column":1}},"line":31},"3":{"name":"(anonymous_3)","decl":{"start":{"line":35,"column":34},"end":{"line":35,"column":35}},"loc":{"start":{"line":35,"column":49},"end":{"line":37,"column":1}},"line":35}},"branchMap":{"0":{"loc":{"start":{"line":9,"column":2},"end":{"line":24,"column":3}},"type":"if","locations":[{"start":{"line":9,"column":2},"end":{"line":24,"column":3}},{"start":{"line":16,"column":9},"end":{"line":24,"column":3}}],"line":9}},"s":{"0":1,"1":1,"2":4,"3":4,"4":4,"5":1,"6":3,"7":3,"8":1,"9":3,"10":1,"11":3,"12":1,"13":3,"14":1},"f":{"0":4,"1":3,"2":3,"3":3},"b":{"0":[1,3]},"_coverageSchema":"1a1c01bbd47fc00a2c39e90264f33305004495a9","hash":"0296901bbcc1cc205cf1d6149fd7c92f04bc54de"}
,"/home/leandro-mello/DockerTest/af-monitor/af-back-monitor-extrator/services/ExtratorService.js": {"path":"/home/leandro-mello/DockerTest/af-monitor/af-back-monitor-extrator/services/ExtratorService.js","statementMap":{"0":{"start":{"line":1,"column":15},"end":{"line":1,"column":32}},"1":{"start":{"line":3,"column":27},"end":{"line":3,"column":72}},"2":{"start":{"line":5,"column":13},"end":{"line":7,"column":1}},"3":{"start":{"line":6,"column":4},"end":{"line":6,"column":47}},"4":{"start":{"line":10,"column":13},"end":{"line":34,"column":1}},"5":{"start":{"line":11,"column":22},"end":{"line":11,"column":54}},"6":{"start":{"line":13,"column":27},"end":{"line":13,"column":87}},"7":{"start":{"line":14,"column":32},"end":{"line":14,"column":91}},"8":{"start":{"line":15,"column":34},"end":{"line":15,"column":95}},"9":{"start":{"line":17,"column":18},"end":{"line":17,"column":63}},"10":{"start":{"line":18,"column":32},"end":{"line":18,"column":80}},"11":{"start":{"line":19,"column":34},"end":{"line":19,"column":96}},"12":{"start":{"line":21,"column":4},"end":{"line":33,"column":6}},"13":{"start":{"line":37,"column":0},"end":{"line":37,"column":31}}},"fnMap":{"0":{"name":"(anonymous_0)","decl":{"start":{"line":5,"column":13},"end":{"line":5,"column":14}},"loc":{"start":{"line":5,"column":29},"end":{"line":7,"column":1}},"line":5},"1":{"name":"(anonymous_1)","decl":{"start":{"line":10,"column":13},"end":{"line":10,"column":14}},"loc":{"start":{"line":10,"column":25},"end":{"line":34,"column":1}},"line":10}},"branchMap":{"0":{"loc":{"start":{"line":18,"column":32},"end":{"line":18,"column":80}},"type":"cond-expr","locations":[{"start":{"line":18,"column":46},"end":{"line":18,"column":47}},{"start":{"line":18,"column":50},"end":{"line":18,"column":80}}],"line":18},"1":{"loc":{"start":{"line":19,"column":34},"end":{"line":19,"column":96}},"type":"cond-expr","locations":[{"start":{"line":19,"column":48},"end":{"line":19,"column":49}},{"start":{"line":19,"column":52},"end":{"line":19,"column":96}}],"line":19}},"s":{"0":1,"1":1,"2":1,"3":4,"4":1,"5":3,"6":3,"7":3,"8":3,"9":3,"10":3,"11":3,"12":3,"13":1},"f":{"0":4,"1":3},"b":{"0":[1,2],"1":[1,2]},"_coverageSchema":"1a1c01bbd47fc00a2c39e90264f33305004495a9","hash":"2654e7bb0fa926a5c4d00b70be0e526dfa0d498d"}
}
