TN:
SF:routes.js
FN:5,(anonymous_0)
FN:10,(anonymous_1)
FN:16,(anonymous_2)
FNF:3
FNH:3
FNDA:7,(anonymous_0)
FNDA:4,(anonymous_1)
FNDA:3,(anonymous_2)
DA:1,1
DA:2,1
DA:3,1
DA:5,1
DA:6,7
DA:7,7
DA:10,1
DA:11,4
DA:12,4
DA:13,4
DA:16,1
DA:17,3
DA:18,3
DA:21,1
LF:14
LH:14
BRF:0
BRH:0
end_of_record
TN:
SF:server.js
FN:5,(anonymous_0)
FNF:1
FNH:1
FNDA:1,(anonymous_0)
DA:1,1
DA:2,1
DA:3,1
DA:5,1
DA:6,1
DA:7,1
DA:8,1
DA:9,1
DA:10,1
DA:13,1
LF:10
LH:10
BRF:0
BRH:0
end_of_record
TN:
SF:infra/db.js
FN:3,(anonymous_0)
FN:7,(anonymous_1)
FNF:2
FNH:2
FNDA:1,(anonymous_0)
FNDA:1,(anonymous_1)
DA:1,1
DA:3,1
DA:4,1
DA:7,1
DA:8,1
DA:11,1
LF:6
LH:6
BRF:0
BRH:0
end_of_record
TN:
SF:models/ExtratorModel.js
FNF:0
FNH:0
DA:1,1
DA:3,1
DA:14,1
LF:3
LH:3
BRF:0
BRH:0
end_of_record
TN:
SF:repositories/ExtratorRepository.js
FN:3,(anonymous_0)
FN:27,(anonymous_1)
FN:31,(anonymous_2)
FN:35,(anonymous_3)
FNF:4
FNH:4
FNDA:4,(anonymous_0)
FNDA:3,(anonymous_1)
FNDA:3,(anonymous_2)
FNDA:3,(anonymous_3)
DA:1,1
DA:3,1
DA:5,4
DA:7,4
DA:9,4
DA:11,1
DA:18,3
DA:23,3
DA:27,1
DA:28,3
DA:31,1
DA:32,3
DA:35,1
DA:36,3
DA:39,1
LF:15
LH:15
BRDA:9,0,0,1
BRDA:9,0,1,3
BRF:2
BRH:2
end_of_record
TN:
SF:services/ExtratorService.js
FN:5,(anonymous_0)
FN:10,(anonymous_1)
FNF:2
FNH:2
FNDA:4,(anonymous_0)
FNDA:3,(anonymous_1)
DA:1,1
DA:3,1
DA:5,1
DA:6,4
DA:10,1
DA:11,3
DA:13,3
DA:14,3
DA:15,3
DA:17,3
DA:18,3
DA:19,3
DA:21,3
DA:37,1
LF:14
LH:14
BRDA:18,0,0,1
BRDA:18,0,1,2
BRDA:19,1,0,1
BRDA:19,1,1,2
BRF:4
BRH:4
end_of_record
